<?xml version="1.0" encoding="UTF-8"?>
<!-- Generated by org.testng.reporters.JUnitReportReporter -->
<testsuite skipped="0" hostname="yaroslav-PC" name="swapi.yar.test.PlanetsTest" tests="6" failures="0" timestamp="26 Apr 2017 09:16:56 GMT" time="8.532" errors="0">
  <testcase name="verifyCountOfPlanets" time="0.477" classname="swapi.yar.test.PlanetsTest"/>
  <testcase name="statusCodeTest" time="0.475" classname="swapi.yar.test.PlanetsTest"/>
  <testcase name="verifyNameOfPlanetById" time="1.316" classname="swapi.yar.test.PlanetsTest"/>
  <testcase name="verifyOnlyTenPlanetsReturned" time="0.439" classname="swapi.yar.test.PlanetsTest"/>
  <testcase name="getAllPlanetsTest" time="5.397" classname="swapi.yar.test.PlanetsTest"/>
  <testcase name="verifyNextPageURI" time="0.428" classname="swapi.yar.test.PlanetsTest"/>
</testsuite> <!-- swapi.yar.test.PlanetsTest -->
